20231015	22:10:31	fea43a6e-3cd9-44b5-9175-22ce636c62ce	POST	/sign-up	undefined
20231115	22:11:03	c1b6f892-b2cd-4caa-9c5a-73106c277c52	POST	/auth/sign-up	undefined
20231415	22:14:34	758bec8a-a98a-4e25-b9b8-84ac5573f52c	POST	/auth/sign-up	undefined
20231415	22:14:41	2481ed9b-9910-47fd-8263-a05badd2a393	POST	/auth/sign-up	undefined
20231515	22:15:49	a228df44-14b7-45e4-b095-a35df8a3fb00	POST	/auth/sign-up	undefined
20231515	22:15:55	d8784ba7-e646-42d6-9de3-6b1a00829594	POST	/auth/sign-up	undefined
20231715	22:17:21	ddac3bb6-99c5-44fa-b783-cd7e998b789e	POST	/auth/sign-up	undefined
20231815	22:18:19	30cecd97-e837-41a7-95fb-486102c37b89	POST	/auth/sign-up	undefined
20231915	22:19:32	46bc1ceb-09a0-40c3-97e4-234c34634475	POST	/auth/sign-up	undefined
20231915	22:19:37	6029bb3a-8b33-4c61-b246-dfbdcc6c6b79	POST	/auth/sign-up	undefined
20231915	22:19:54	77782a93-4659-4a05-8de0-24444f409964	POST	/auth/sign-up	undefined
20235416	21:54:47	8dec7476-957f-451d-838b-8307b599d09c	OPTIONS	/auth/sign-up	http://localhost:3000
20235416	21:54:48	542b2fd7-b1a9-4023-9837-6671057af207	POST	/auth/sign-up	http://localhost:3000
20230916	22:09:06	c3d8dd9d-5883-4810-ba05-8751d32b4fd1	OPTIONS	/auth/sign-up	http://localhost:3000
20230916	22:09:06	e7e48516-a702-4b42-b19e-0e7ea0219747	POST	/auth/sign-up	http://localhost:3000
20234116	22:41:15	a9c9048e-c96a-4ccd-a121-8b6f60e95a46	OPTIONS	/auth/sign-up	http://localhost:3000
20234116	22:41:15	aafb1c9d-bca6-4e54-ae78-83531ac99091	POST	/auth/sign-up	http://localhost:3000
20234116	22:41:49	d15c9000-2941-4ba5-b74f-f1afb5ecb0d4	OPTIONS	/auth/sign-up	http://localhost:3000
20234116	22:41:49	616c658a-045e-49de-ba36-90de34bdbac1	POST	/auth/sign-up	http://localhost:3000
20234116	22:41:55	db5e044b-ebfb-46e1-bd14-f117e1988ba4	OPTIONS	/auth/sign-up	http://localhost:3000
20234116	22:41:55	6505faa1-21f1-40d1-a5b6-9c1379a11b8d	POST	/auth/sign-up	http://localhost:3000
20234216	22:42:30	cba83d83-7070-48c3-92dc-002950f81693	OPTIONS	/auth/sign-up	http://localhost:3000
20234216	22:42:30	eded062d-8060-4cf2-a21f-9ad72a3a55a9	POST	/auth/sign-up	http://localhost:3000
20234416	22:44:01	1f90c49f-85d2-4357-8a8d-322735e0d021	OPTIONS	/auth/sign-up	http://localhost:3000
20234516	22:45:37	f7aa4ec7-c780-40c7-a43d-95739cc4bb3a	OPTIONS	/auth/sign-up	http://localhost:3000
20235116	22:51:47	598105cb-df04-4bde-9d83-87f4e90cdae1	OPTIONS	/auth/sign-up	http://localhost:3000
20235116	22:51:47	5d9757c1-c5d4-4a89-8a1f-3cf409ce9d06	POST	/auth/sign-up	http://localhost:3000
20235316	22:53:02	4f8f7d87-9a06-4f61-9867-166e675c8e06	OPTIONS	/auth/sign-up	http://localhost:3000
20235316	22:53:02	6fb8ee99-53b0-4cab-ba33-99471aaff29b	POST	/auth/sign-up	http://localhost:3000
20235516	22:55:14	fbb91acc-d954-4ae6-a79a-cb8e856a5864	OPTIONS	/auth/sign-up	http://localhost:3000
20235516	22:55:14	bb44a12d-e9a3-4b5b-becd-b981fe86ff21	POST	/auth/sign-up	http://localhost:3000
20235616	22:56:01	148b238f-230d-4113-a851-dc88b867b112	OPTIONS	/auth/sign-up	http://localhost:3000
20235616	22:56:01	4b35ce7f-2f3f-4379-89c0-310aead1ff0a	POST	/auth/sign-up	http://localhost:3000
20235616	22:56:52	927baeaf-7fc2-4890-b077-22e7cdea73e7	OPTIONS	/auth/sign-up	http://localhost:3000
20235616	22:56:52	06f9301d-5149-4238-9838-a0f89eb590e4	POST	/auth/sign-up	http://localhost:3000
20235816	22:58:00	03c2b467-c75c-4d5e-9761-d8ebfaf98750	OPTIONS	/auth/sign-up	http://localhost:3000
20235816	22:58:00	4b29e3ad-7eba-4c17-8807-6f1528b34465	POST	/auth/sign-up	http://localhost:3000
20235916	22:59:28	5ddda7c1-5277-4b76-8104-a3fc497b5524	OPTIONS	/auth/sign-up	http://localhost:3000
20235916	22:59:28	4fd51662-adc0-4434-9268-d73fb9b7dfe5	POST	/auth/sign-up	http://localhost:3000
20230016	23:00:47	c3bacdb7-9b1c-4a01-841f-bb2957d6b804	OPTIONS	/auth/sign-up	http://localhost:3000
20230016	23:00:47	aeba76a1-ee27-4bcb-bce5-5252d37b0d08	POST	/auth/sign-up	http://localhost:3000
20230216	23:02:02	0c988db8-b3d3-4964-9ea0-da0bc0e2c6b1	OPTIONS	/auth/sign-up	http://localhost:3000
20230216	23:02:02	30c85220-0a55-4f2b-b268-6c8c188a9c63	POST	/auth/sign-up	http://localhost:3000
20230316	23:03:06	820da209-f0ee-4c2e-9334-a6b8563b0fc2	OPTIONS	/auth/sign-up	http://localhost:3000
20230316	23:03:06	0c2d0205-e721-4571-91c5-66ec1aa0fc99	POST	/auth/sign-up	http://localhost:3000
20230416	23:04:26	3fa7d9e2-8c83-4885-938a-3188ed032785	OPTIONS	/auth/sign-up	http://localhost:3000
20230416	23:04:26	11e438ef-1e86-4b5c-bc84-d52f7682c3a6	POST	/auth/sign-up	http://localhost:3000
20230416	23:04:31	92030808-bc85-422b-8d19-77e98f57899b	OPTIONS	/auth/sign-up	http://localhost:3000
20230416	23:04:31	553f8bae-f342-4107-b907-67d2181b1a12	POST	/auth/sign-up	http://localhost:3000
20231617	21:16:26	00098670-d166-4edc-bab3-2f257a1c1763	OPTIONS	/auth/sign-up	http://localhost:3000
20231617	21:16:26	7b50ea38-12e6-4a16-8e72-4974eecda4f4	POST	/auth/sign-up	http://localhost:3000
20232017	21:20:11	61c5fc60-3c3b-4c81-aa5f-0df9be08976e	OPTIONS	/auth/sign-up	http://localhost:3000
20232017	21:20:11	ce834f5f-d473-4469-8726-e94b1c848a19	POST	/auth/sign-up	http://localhost:3000
20230717	22:07:44	10770044-4b0b-474f-809d-bd2cb222d3a4	OPTIONS	/auth/sign-up	http://localhost:3000
20230717	22:07:44	c93c8a18-0cd1-4503-b7d2-9b6227225884	POST	/auth/sign-up	http://localhost:3000
20231117	22:11:20	0c3e6861-0f33-40bc-b1ba-26f4cd77484d	OPTIONS	/auth/sign-up	http://localhost:3000
20231117	22:11:20	f7c823f9-2818-4f27-8fd0-7c39d3648c13	POST	/auth/sign-up	http://localhost:3000
20232517	22:25:34	bd0a55d2-b8e0-4e4f-affb-e394c8a9c440	OPTIONS	/auth/sign-up	http://localhost:3000
20232517	22:25:34	51e4e5e2-86b1-4fe3-8c49-51442c361ca8	POST	/auth/sign-up	http://localhost:3000
20232717	22:27:49	cd572c32-68aa-4d02-929c-2ebc3511da73	OPTIONS	/auth/sign-up	http://localhost:3000
20232717	22:27:49	aa3283a9-bdd6-477f-9226-39e0fc582973	POST	/auth/sign-up	http://localhost:3000
20233417	22:34:01	34e05252-5d1b-4399-bc7b-3445ea077a5c	OPTIONS	/auth/sign-up	http://localhost:3000
20233417	22:34:01	a14b18b3-ba65-49ee-bd3b-47fdd59c0407	POST	/auth/sign-up	http://localhost:3000
20230917	23:09:58	eb60b403-6d80-4c8e-8b42-2727144aa50e	POST	/auth/sign-up	http://localhost:3000
20231117	23:11:28	7a13b3dc-b55a-45cf-9c30-3e163d1c5bc0	POST	/auth/sign-up	http://localhost:3000
20231317	23:13:38	589ea85f-b49e-4900-abf7-f1c172b84b1b	POST	/auth/sign-up	http://localhost:3000
20231517	23:15:28	60aa96fd-2dfe-4766-8a64-1a6de3b64e52	POST	/auth/sign-up	http://localhost:3000
20231717	23:17:28	59fae8a3-1c1f-46ae-93a8-121090bcd1c3	POST	/auth/sign-up	http://localhost:3000
20232817	23:28:41	90395976-dd05-4040-b895-c0f086ef2ac6	POST	/auth/sign-up	http://localhost:3000
20232917	23:29:56	5e025a72-1f8c-4fa3-a730-aee9d66eff18	POST	/auth/sign-up	http://localhost:3000
20233017	23:30:27	b68bce75-0fd4-49fb-8d9a-d48c0a2b3d34	POST	/auth/sign-up	http://localhost:3000
20233018	21:30:15	00059972-750f-4852-9064-0e53c7e4410e	POST	/auth/sign-up	http://localhost:3000
20233419	21:34:03	ccbb5783-fd0a-4937-8fd9-02172751152a	POST	/auth/sign-up	http://localhost:3000
20231419	22:14:39	af1ac3d9-8733-40d0-922f-1eae142510fb	POST	/auth/sign-up	http://localhost:3000
20231519	22:15:23	6483bf6a-bee3-43c0-9e1a-93878d132cae	POST	/auth/login	undefined
20231819	22:18:53	c206268c-e4fc-465a-ba89-dfc14d84ac6d	POST	/auth/sign-up	http://localhost:3000
20231919	22:19:31	57741d38-2b32-4bda-937d-82948034bc05	POST	/auth/login	undefined
20232319	22:23:47	f5ad8ab4-b534-4c6e-99fc-2f9ad21cb5f7	POST	/auth/sign-up	http://localhost:3000
20233419	22:34:42	978da035-de2e-4ba7-a7ec-0cc76c21906c	POST	/auth/sign-up	http://localhost:3000
20233719	22:37:15	35935040-eb23-49d5-8ffd-e6099e383244	POST	/auth/sign-up	http://localhost:3000
20233819	22:38:19	a85fb0ec-2e05-4dbb-b617-80a2b9ed44e5	POST	/auth/login	undefined
20233919	22:39:44	b8c201d4-d97a-4fa8-8069-d37275fab2be	GET	/favicon.ico	undefined
20233119	23:31:22	fce2b098-41f9-4d1c-b7f8-02c1afb303a5	POST	/api/auth/sign-up	http://localhost:5000/
20233519	23:35:00	6b492390-9e13-4c95-b2ed-2fcd53562fac	POST	/api/auth/sign-up	http://localhost:5000/
20233719	23:37:05	33d37a34-53af-4bd8-8dd9-926a5a4dc357	POST	/api/auth/sign-up	http://localhost:5000/
20233819	23:38:38	2b28ca82-f7d6-4bfd-b6ea-170db7014b5e	POST	/api/auth/sign-up	http://localhost:5000/
20234019	23:40:04	1785f595-a768-4511-aa5a-716e53077b2d	POST	/api/auth/sign-up	http://localhost:5000/
20233020	21:30:44	13083629-ca7d-4926-a8d3-30a6bfe951d8	POST	/api/auth/sign-up	http://localhost:3000
20233720	21:37:15	fcf89029-461c-4d22-b53e-f5459fa2afe3	POST	/api/auth/sign-up	http://localhost:3000
20234020	21:40:19	969c3b1f-14d1-445c-b838-5a199129d615	POST	/api/auth/sign-up	http://localhost:3000
20234020	21:40:49	c7d3ca4b-0e69-4d68-9a61-7981e09826e1	OPTIONS	/api/auth/login	http://localhost:3000
20234020	21:40:49	93abfd38-bd76-468f-b835-eb8d82007dae	POST	/api/auth/login	http://localhost:3000
20234720	21:47:43	95c214c8-e149-4ffa-9c37-2d79ea571a23	POST	/api/auth/sign-up	http://localhost:3000
20234720	21:47:53	1a07653f-0b03-49aa-beb9-5bbe7e5e4625	OPTIONS	/api/auth/login	http://localhost:3000
20234720	21:47:53	532c5ee5-9b9a-441d-99bd-be26f210de30	POST	/api/auth/login	http://localhost:3000
20235020	21:50:47	d8b70003-8b2d-4679-bd98-a7a366a97102	POST	/api/auth/login	http://localhost:5000/
20235220	21:52:23	a79f27d4-3bae-426d-858f-112ed2514ed9	POST	/api/auth/login	http://localhost:5000/
20235320	21:53:59	545be999-08e9-4abf-8a94-567ba81efc7a	POST	/api/auth/login	http://localhost:5000/
20235720	21:57:05	a833d7f8-0dce-4bda-954c-bf81627705cb	POST	/api/auth/login	http://localhost:5000/
20235920	21:59:16	b245325b-04d2-4d74-b8e7-3cd302e209c1	POST	/api/auth/login	http://localhost:5000/
20230120	22:01:42	b34d82c1-16dd-40d1-a0c6-34076e6afa75	OPTIONS	/api/auth/login	http://localhost:3000
20230120	22:01:42	a4515275-eb34-483f-8164-6a516551ab2f	POST	/api/auth/login	http://localhost:3000
20233922	12:39:22	89e0801d-aca2-4018-b01d-994a44f87554	POST	/api/auth/sign-up	http://localhost:5000/
20234022	12:40:03	8329bcf9-a859-4d56-974b-050ff1157b84	POST	/api/auth/login	http://localhost:5000/
20234022	12:40:32	5e82a603-1abe-42d2-b3e7-aadf4316f0cb	POST	/api/auth/login	http://localhost:5000/
20234122	12:41:30	65605d11-5938-40f9-bcba-3598729f6a13	POST	/api/auth/sign-up	http://localhost:5000/
20234122	12:41:54	b57d7618-c4e5-47d6-8afc-c8400e30c66f	POST	/api/auth/login	http://localhost:5000/
20230222	14:02:26	1412b9db-e1cb-4999-b277-911675ddfd7f	POST	/api/auth/login	http://localhost:5000/
20230422	14:04:05	f7af2b15-e247-4120-82ff-fd5d224c483e	POST	/api/auth/login	http://localhost:5000/
20230422	14:04:36	00640173-cb19-4f7a-a88c-d254eff8e3f7	POST	/api/auth/login	http://localhost:5000/
20230622	14:06:04	914c00a1-5a48-48c1-8bf0-b2b399886705	POST	/api/auth/login	http://localhost:5000/
20230722	14:07:59	bfbd252f-fce0-4f10-9a65-0fc4b941a6a1	POST	/api/auth/login	http://localhost:5000/
20230922	14:09:15	312b06c6-66be-4bdb-b1de-65acead450bd	POST	/api/auth/login	http://localhost:5000/
20231122	14:11:17	d6ddc5ea-9f1f-4129-806c-17670f42bd4c	POST	/api/auth/login	http://localhost:5000/
20230422	15:04:49	7979cdf4-b99b-4cec-81c2-426227426abc	POST	/api/auth/login	http://localhost:5000/
20231322	15:13:28	51b7b79e-5f5c-4480-b462-8a0402f85b04	POST	/api/auth/sign-up	http://localhost:5000/
20231822	15:18:19	7115e095-f603-477d-b241-6757681450f0	POST	/api/auth/sign-up	http://localhost:5000/
20231922	15:19:42	d5a375d0-51ea-4734-bae6-008da4af6b10	POST	/api/auth/login	http://localhost:5000/
20232322	15:23:37	81e35b8b-38f0-4ed1-84b4-296d3860a241	POST	/api/auth/sign-up	http://localhost:5000/
20232422	15:24:24	99a87e1a-c178-47e3-a5e7-4252826f4496	POST	/api/auth/login	http://localhost:5000/
20235922	15:59:21	f936112e-799f-425f-9ac8-6a4b176f5902	POST	/api/auth/login	http://localhost:5000/
20231422	22:14:03	4fae7f2d-1ea3-4de1-bed2-9e04140edae9	POST	/api/auth/login	http://localhost:5000/
20231522	22:15:27	526f9bd1-de35-460d-bdce-7922b91fb4ea	POST	/api/auth/login	http://localhost:5000/
20231622	22:16:01	40811929-baec-4de6-bd80-5fbcf0328944	POST	/api/auth/sign-up	http://localhost:5000/
20231622	22:16:13	ef6fd01b-d48a-4568-a54e-eec822fbe695	POST	/api/auth/login	http://localhost:5000/
20231722	22:17:56	bbbc85e3-5132-4f78-aaec-abe5ec389ccc	POST	/api/auth/login	http://localhost:5000/
20230322	23:03:34	7470ef9b-d543-4181-a466-4948e2e2c290	POST	/api/auth/logout	http://localhost:5000/
20230622	23:06:47	4f0f2de7-19ef-411c-965c-6b24e7951a38	POST	/api/auth/logout	http://localhost:5000/
20230822	23:08:08	7b968dee-c4c1-4eb3-9231-6253d92bf907	POST	/api/auth/login	http://localhost:5000/
20230822	23:08:44	311761d6-fa28-4c49-bee0-b637ec99e1ef	POST	/api/auth/logout	http://localhost:5000/
20231922	23:19:57	6f524cd7-d682-48d7-bdb3-f0f3e9b91c9f	POST	/api/auth/sign-up	http://localhost:5000/
20232222	23:22:15	b014e0ac-540b-4b38-9573-707e7b226013	POST	/api/auth/sign-up	http://localhost:5000/
20232422	23:24:13	f86d3899-92d1-4913-b928-b17d3c59262d	POST	/api/auth/sign-up	http://localhost:5000/
20232522	23:25:48	8bfcf128-9eeb-4476-89ea-44ba0a52ab72	POST	/api/auth/sign-up	http://localhost:5000/
20232622	23:26:08	caab86b7-6757-4fba-ae26-3118e1ffa72f	POST	/api/auth/login	http://localhost:5000/
20232622	23:26:33	e7893f73-103b-4f01-8385-3aa4e3279947	POST	/api/auth/logout	http://localhost:5000/
20232722	23:27:10	957d92ca-412e-42bc-a36f-76a555a98dc1	POST	/api/auth/login	http://localhost:5000/
20232722	23:27:18	6435875e-8bb4-43e0-a548-c1165e7b597b	POST	/api/auth/logout	http://localhost:5000/
20232922	23:29:07	9cabac28-9045-4611-bea1-05eaf02fc4cd	POST	/api/auth/login	http://localhost:5000/
20232922	23:29:10	31246325-09bf-49f0-8423-345866cb6413	POST	/api/auth/logout	http://localhost:5000/
20232922	23:29:28	86b7d06d-5a82-4e50-b227-3d1878644592	POST	/api/auth/login	http://localhost:5000/
20232922	23:29:30	156ec714-bb4e-441e-a9bb-b161e595357b	POST	/api/auth/logout	http://localhost:5000/
20233022	23:30:12	18be48ca-0390-42d8-a2b5-89f2b3b129fa	POST	/api/auth/login	http://localhost:5000/
20233022	23:30:18	a9d9e966-972c-4f54-8b66-1cfa93bee802	POST	/api/auth/logout	http://localhost:5000/
20233022	23:30:55	204a669a-6f4c-41f1-ac89-5a472fc57992	POST	/api/auth/login	http://localhost:5000/
20233122	23:31:00	87eb1e65-6871-4c41-822a-0362f7d8464c	POST	/api/auth/logout	http://localhost:5000/
20233122	23:31:32	c22d78a7-beaf-4907-aee9-cc1ad2a569f3	POST	/api/auth/login	http://localhost:5000/
20233122	23:31:40	90aa6650-34a5-487a-9ec4-5217d5ac9232	POST	/api/auth/logout	http://localhost:5000/
20231723	21:17:34	1b5bbdbd-9508-49d6-8759-7cea9ba9a03c	POST	/api/auth/login	http://localhost:5000/
20231723	21:17:57	851081f0-2e82-4755-9140-b16bac8e6feb	POST	/api/auth/logout	http://localhost:5000/
20231823	21:18:18	7a088848-af14-4250-a2f9-f20650c0f751	POST	/api/auth/login	http://localhost:5000/
20231823	21:18:22	c000b747-af42-4af9-a9bc-15aeb0cb4e6c	POST	/api/auth/logout	http://localhost:5000/
20232223	21:22:58	f5abb7d8-faa2-468f-99cf-8c9f861610f8	POST	/api/auth/sign-up	http://localhost:5000/
20232323	21:23:42	d3edac65-bff4-4476-b380-45f4a12b845e	POST	/api/auth/login	http://localhost:5000/
20232423	21:24:27	581c242c-0a68-49a9-a576-50f2c6fc5979	POST	/api/auth/logout	http://localhost:5000/
20232523	21:25:34	f4812de0-21a6-4bb0-b137-6f4184db79c9	POST	/api/auth/login	http://localhost:5000/
20232523	21:25:37	3cf5f692-10ba-4857-b66e-b5ef758e2633	POST	/api/auth/logout	http://localhost:5000/
20232623	21:26:37	13fe0673-6ede-43f5-963d-6fd321bae05f	POST	/api/auth/login	http://localhost:5000/
20232723	21:27:06	daa88b03-c906-477e-bf56-dc3839b9728c	POST	/api/auth/logout	http://localhost:5000/
20230523	22:05:10	73c8d47f-4cd9-4f8f-ba18-b6d9a4c4a3fc	POST	/api/auth/sign-up	http://localhost:5000/
20230523	22:05:19	7160cc0e-0f21-4c8f-bac0-c71881bd413e	POST	/api/auth/login	http://localhost:5000/
20235323	22:53:19	8c0b3410-8c47-4f31-ab76-abc1db4f2ec2	GET	/user/63ceb73f52a25b94400913c4	undefined
20235323	22:53:42	f8ff0b29-60d0-4b53-9bbe-83e8797008ac	GET	/api/user/63ceb73f52a25b94400913c4	undefined
20235723	22:57:11	0313d64a-89b5-49d6-8ecb-9f7fbaa750a5	POST	/api/auth/logout	http://localhost:5000/
20230123	23:01:57	3e073c6b-c21f-4dd5-b25d-99f8c10a51b5	POST	/api/auth/login	http://localhost:5000/
20230323	23:03:21	ccc27275-25de-4116-8209-b74a8371b03b	POST	/api/auth/logout	http://localhost:5000/
20230323	23:03:39	7c0a3a1d-940b-4f29-bf3c-87299527869e	POST	/api/auth/login	http://localhost:5000/
20230623	23:06:40	e4b7e34b-596e-43ed-a722-12c26a2e7270	GET	/api/user/63ceb73f52a25b94400913c4	undefined
20230623	23:06:51	ff8a436d-3876-4c93-bd5b-961261851f58	GET	/api/user/63ceb73f52a25b94400913c8	undefined
20233223	23:32:52	d09be009-0188-4777-8554-f5979d9eae5a	GET	/api/user/63ceb73f52a25b94400913c4	undefined
20233523	23:35:10	ebc80598-fca3-4f9c-aed8-c00ee641573d	PATCH	/api/user/63ceb73f52a25b94400913c4	undefined
20233523	23:35:38	bb86f4f5-084d-413b-bd1d-227434ffc365	PATCH	/api/user/63ceb73f52a25b94400913c4	undefined
20233823	23:38:33	e3c2df67-0203-4b7b-9bb2-a92fee52efaf	PATCH	/api/user/63ceb73f52a25b94400913c4	undefined
20233823	23:38:43	fed50d06-855a-4e31-b89f-9b0b4d20f153	PATCH	/api/user/63ceb73f52a25b94400913c4	undefined
20234023	23:40:00	da9a70b8-b331-4114-9892-b263049d96a8	PATCH	/api/user/63ceb73f52a25b94400913c4	undefined
20234023	23:40:24	856a9bb2-fbc7-4387-a231-14104de10194	PATCH	/api/user/63ceb73f52a25b94400913c4	undefined
20234123	23:41:20	71b196bf-db24-4735-b38e-e7983b23a0bc	POST	/api/auth/logout	http://localhost:5000/
20231624	20:16:20	00628518-a1b4-49e9-a593-e48749dd00e3	GET	/api/user/63ceb73f52a25b94400913c4	undefined
20231724	20:17:17	0571e7e2-f70c-4333-95aa-a53344fd3fae	PATCH	/api/user/63ceb73f52a25b94400913c4	undefined
20231724	20:17:45	382a8bce-28d3-4793-9f4b-27cbc0912705	PATCH	/api/user/63ceb73f52a25b94400913c4	undefined
20231924	21:19:12	0f5851f6-95f1-4b8b-b767-0a6d75ab3a19	PATCH	/api/user/63ceb73f52a25b94400913c4	undefined
20232024	21:20:14	07d6bb72-8924-4dec-80cf-51ca72ccb841	PATCH	/api/user/63ceb73f52a25b94400913c4	undefined
20232124	21:21:11	d41f7442-f2cb-468a-818e-8300b2fabe3f	PATCH	/api/user/63ceb73f52a25b94400913c4	undefined
20232224	21:22:00	160f3763-1b63-4a12-9686-2f45b5d55870	PATCH	/api/user/63ceb73f52a25b94400913c4	undefined
20232424	21:24:52	1189bee1-f7dc-45f6-8ed9-0a0d0742f02b	PATCH	/api/user/63ceb73f52a25b94400913c1	undefined
20232724	21:27:22	83bf3d93-8c93-4e28-bfa8-201eeceaabc0	POST	/api/auth/login	http://localhost:5000/
20232724	21:27:35	431d03b3-44ad-4196-8b37-7fe6a1ce25d0	POST	/api/auth/logout	http://localhost:5000/
20234424	21:44:02	58a1dbbb-d7d5-4a57-9c2f-6677724705de	PATCH	/api/user/63ceb73f52a25b94400913c1	undefined
20234424	21:44:16	93e688a0-d605-4ef9-ae15-b05c54890500	PATCH	/api/user/63ceb73f52a25b94400913c4	undefined
20234524	21:45:06	23b9b874-d65d-43e2-9210-3ab70f433989	PATCH	/api/user/63ceb73f52a25b94400913c4	undefined
20234524	21:45:35	e24180b6-94d9-4f41-a6ef-79cd7baab921	PATCH	/api/user/63ceb73f52a25b94400913c4	undefined
20235024	21:50:41	78b58b98-7729-4873-a6a9-0cbe3c701579	PATCH	/api/user/63ceb73f52a25b94400913c4	undefined
20235124	21:51:15	3b3131a3-d8db-4598-8ee3-fd192863c5a9	PATCH	/api/user/63ceb73f52a25b94400913c4	undefined
20235224	21:52:01	529fdb06-275c-4a67-9a1b-300c665d6b42	PATCH	/api/user/63ceb73f52a25b94400913c4	undefined
20230024	22:00:20	5745978b-4701-484f-8600-fc9e6bd676b4	POST	/api/auth/login	http://localhost:5000/
20230424	22:04:17	5c0f45b0-af48-4dc8-b3f8-9dec8eaf16a8	PATCH	/api/user/63cd07a24902f701894d9061	undefined
20230624	22:06:42	3bba4413-2358-44ef-889f-818fd105634b	PATCH	/api/user/63cd07a24902f701894d9061	undefined
20230624	22:06:56	d3551ff1-2952-45f7-9d1f-954ce4894815	PATCH	/api/user/63cd07a24902f701894d9061	undefined
20230624	22:06:59	0b4d018e-e14c-409e-99c6-459cc8b22411	PATCH	/api/user/63cd07a24902f701894d9061	undefined
20230724	22:07:10	fc3c11f2-151a-4496-af99-88446ee7d853	PATCH	/api/user/63cd07a24902f701894d9061	undefined
20230824	22:08:52	82e5e6a5-a133-4e0b-aa9a-2436cf1d5a01	PATCH	/api/user/63cd07a24902f701894d9061	undefined
20230924	22:09:50	35144ff3-27d9-4387-b69c-ecbf997c7815	PATCH	/api/user/63cd07a24902f701894d9061	undefined
20230924	22:09:57	c62e0fb4-564b-4b00-8ad1-55eb0fce2521	PATCH	/api/user/63cd07a24902f701894d9061	undefined
20231024	22:10:04	d5ed77ad-6d0a-4bfd-8d88-35fa7fe542c6	PATCH	/api/user/63cd07a24902f701894d9061	undefined
20231224	22:12:44	3210c7d7-635c-4883-aabd-3b9bcf5a22e6	PATCH	/api/user/63cd07a24902f701894d9061	undefined
20231224	22:12:57	cddf2a8d-16b5-44a3-b5e2-0c1e3249ca86	PATCH	/api/user/63cd07a24902f701894d9061	undefined
20231324	22:13:15	a202c6bf-9ac2-48ce-9b8b-016e3559cff4	PATCH	/api/user/63cd07a24902f701894d9061	undefined
20231924	23:19:07	37b82e67-ca31-4e77-8488-db5557cf69e3	PATCH	/api/user/change-password/63cd07a24902f701894d9061	undefined
20231924	23:19:19	86cab500-3e60-4c9a-8561-41ace4953ffe	PATCH	/api/user/change-password/63cd07a24902f701894d9061	undefined
20231924	23:19:27	0754c00f-2aba-419b-9d7a-5f4a8a0a5f48	PATCH	/api/user/change-password/63cd07a24902f701894d9061	undefined
20231924	23:19:42	cd983ae9-cc91-4bc0-b6dd-1bcb8971f6df	PATCH	/api/user/change-password/63cd07a24902f701894d9061	undefined
20232024	23:20:40	1b6813a6-e9a5-4921-99b6-70535115fa84	PATCH	/api/user/change-password/63cd07a24902f701894d9061	undefined
20232124	23:21:02	e3688f12-4261-435a-b0c6-6b6b84d75729	PATCH	/api/user/change-password/63cd07a24902f701894d906	undefined
20232424	23:24:16	238e46db-020d-4226-9c14-c77c8680172e	PATCH	/api/user/change-password/63cd07a24902f701894d9061	undefined
20232424	23:24:32	2e940a93-bfeb-4b87-9293-9bb56e33f55c	PATCH	/api/user/change-password/63cd07a24902f701894d906	undefined
20232624	23:26:17	76637bb4-6825-4fd2-93ed-128c2659545e	PATCH	/api/user/change-password/63cd07a24902f701894d906	undefined
20232624	23:26:19	e6c64d96-b9fa-40dc-b213-a4fd191d6d41	PATCH	/api/user/change-password/63cd07a24902f701894d906	undefined
20232624	23:26:20	39c95a98-d4ac-4a52-9d45-716e02fd3c86	PATCH	/api/user/change-password/63cd07a24902f701894d906	undefined
20232624	23:26:25	3e07c2f6-9697-48f9-a9cb-a875f386db00	PATCH	/api/user/change-password/63cd07a24902f701894d9061	undefined
20232724	23:27:45	765ca2be-2ab9-4f11-bd5b-d0dd02161304	PATCH	/api/user/change-password/63cd07a24902f701894d9061	undefined
20232724	23:27:53	a0e15f56-b9d7-4ee4-85ee-81d067eb8ccf	PATCH	/api/user/change-password/63cd07a24902f701894d90	undefined
20230926	22:09:27	a7e82b16-5653-4e6c-97c2-a2b7d1186f3f	POST	/api/auth/sign-up	http://localhost:5000/
20230926	22:09:56	868bd9d3-4016-4608-b294-207e6dc057fc	POST	/api/auth/login	http://localhost:5000/
20230030	20:00:14	6e1ad707-7be9-4d47-bcb4-3102722e2ec3	POST	/api/auth/login	http://localhost:5000/
20235830	20:58:43	4ebb9b01-315e-48d3-9605-5cbfd88b2f2d	POST	/api/auth/logout	http://localhost:5000/
20230830	21:08:56	4b296ec1-4902-400e-9ac9-51b9bd29da2b	POST	/api/auth/login	http://localhost:5000/
20231330	22:13:16	221ea93c-7b32-4ee4-bca9-b2e97a8391b8	POST	/api/auth/login	http://localhost:5000/
20234030	22:40:18	00c307ec-5461-410e-9b04-0fae027854a4	POST	/api/auth/login	http://localhost:5000/
20234230	22:42:32	66f32e1d-7a55-48b5-b4c5-2c53b7225f7e	POST	/api/auth/login	http://localhost:5000/
20234230	22:42:36	ee6ce277-bad1-4190-8f86-0ec3984db482	POST	/api/auth/logout	http://localhost:5000/
20234230	22:42:47	39e4dc16-9cfc-4472-b938-9d29043dea47	POST	/api/auth/login	http://localhost:5000/
20234930	22:49:03	fc788c8f-1369-4e5a-8288-4f26d266712b	POST	/api/auth/login	http://localhost:5000/
20235130	22:51:32	136e779a-3fdf-4a5f-a8de-ddedc8264476	POST	/api/auth/login	http://localhost:5000/
20235630	22:56:53	93478526-372e-409a-b3cb-e1a58794dabe	POST	/api/auth/login	http://localhost:5000/
20232230	23:22:49	9b6308d7-baf5-4e2e-936d-90335ebb9c5d	POST	/api/auth/login	http://localhost:5000/
20232230	23:22:58	1964c685-fb66-4b27-a702-fc9ab0082e9f	POST	/api/auth/logout	http://localhost:5000/
20232330	23:23:29	5c695a4b-59e1-4dcc-95e3-6d4cedbf0809	POST	/api/auth/login	http://localhost:5000/
20232730	23:27:29	e6497fd4-c796-4162-93f8-b030f094a259	POST	/api/auth/login	http://localhost:5000/
20235831	19:58:48	b7a1f217-5011-452c-ad29-5b630247afa7	POST	/api/auth/logout	http://localhost:5000/
20235931	19:59:05	60caf202-2c41-4098-ad18-87921fd0d929	POST	/api/auth/login	http://localhost:5000/
20235931	19:59:15	3842f409-7aff-4134-9e77-448bba03e21e	POST	/api/auth/logout	http://localhost:5000/
20231831	20:18:15	8403c5f2-b770-458e-b79f-fc14531fef49	POST	/api/auth/login	http://localhost:5000/
20231831	20:18:25	4e51b011-6c51-452e-9af1-bd5cf4ad4647	POST	/api/auth/logout	http://localhost:5000/
20232031	20:20:06	8bac7ab9-bbd4-4b8e-8dfa-b67153f0cb6c	POST	/api/auth/login	http://localhost:5000/
20232031	20:20:07	f23b2b6b-d4f0-4316-b43b-c1cbc097218e	GET	/assets/profileImg/833435c2-8be1-492e-af02-0eb96dff4a70-croped_image.jpeg	undefined
20232031	20:20:10	e29b19cc-1673-4f52-9ba3-e71cdb1beb4f	POST	/api/auth/logout	http://localhost:5000/
20232031	20:20:26	0f1d8837-249c-406a-9b70-73edaadb1e38	POST	/api/auth/login	http://localhost:5000/
20232031	20:20:27	ec4d3643-7e3f-4edf-8660-4bcb9321970e	GET	/assets/profileImg/833435c2-8be1-492e-af02-0eb96dff4a70-croped_image.jpeg	undefined
20234431	21:44:57	2be60b37-5b87-40c0-861d-a1b2461c72ce	GET	/assets/profileImg/833435c2-8be1-492e-af02-0eb96dff4a70-croped_image.jpeg	undefined
20234731	21:47:44	ba45eb68-9615-46de-b3c4-f9d7d20ab2ee	GET	/assets/profileImg/833435c2-8be1-492e-af02-0eb96dff4a70-croped_image.jpeg	undefined
20233331	22:33:54	3c438cbc-d357-43ce-97ec-6c18fc63408c	GET	/assets/profileImg/833435c2-8be1-492e-af02-0eb96dff4a70-croped_image.jpeg	undefined
20234931	22:49:32	c439517e-15e7-46a0-92fc-0dd26364e0ca	GET	/assets/profileImg/833435c2-8be1-492e-af02-0eb96dff4a70-croped_image.jpeg	undefined
20234931	22:49:55	2ade0468-77d7-4227-8fa2-3d573e6ac1eb	GET	/assets/profileImg/833435c2-8be1-492e-af02-0eb96dff4a70-croped_image.jpeg	undefined
20235231	22:52:24	73759b5f-2c61-44f9-bd17-70219cb83a2d	GET	/assets/profileImg/833435c2-8be1-492e-af02-0eb96dff4a70-croped_image.jpeg	undefined
20231831	23:18:00	1cb55537-74fe-4e54-ae71-710ab3a82bf6	GET	/assets/profileImg/833435c2-8be1-492e-af02-0eb96dff4a70-croped_image.jpeg	undefined
20231931	23:19:18	1e8159a3-9306-43d8-8f6e-cb56ece8daee	GET	/assets/profileImg/833435c2-8be1-492e-af02-0eb96dff4a70-croped_image.jpeg	undefined
20232231	23:22:00	7477118f-b16f-4296-8361-75fa09669938	GET	/assets/profileImg/833435c2-8be1-492e-af02-0eb96dff4a70-croped_image.jpeg	undefined
20232331	23:23:40	052db9fc-d99f-44b9-bc76-8858fcc772e4	GET	/assets/profileImg/833435c2-8be1-492e-af02-0eb96dff4a70-croped_image.jpeg	undefined
20232431	23:24:45	8e4de700-87f0-46af-9305-0957e60eff59	POST	/api/auth/logout	http://localhost:5000/
20232531	23:25:06	b553a6c8-9dd9-47f0-a43f-4d74f10a7c2f	POST	/api/auth/login	http://localhost:5000/
20232531	23:25:08	4ae168e5-3192-45fc-b0a4-31dacb3e44e0	GET	/assets/profileImg/833435c2-8be1-492e-af02-0eb96dff4a70-croped_image.jpeg	undefined
20232531	23:25:35	1184ca42-b61e-454b-a192-57fa87e90a99	POST	/api/auth/logout	http://localhost:5000/
20232631	23:26:53	515b4c5f-d2a1-42af-938f-101bfab730f3	POST	/api/auth/login	http://localhost:5000/
20232731	23:27:02	62cd3624-22a0-41ee-852c-502511d87f11	POST	/api/auth/logout	http://localhost:5000/
20232731	23:27:21	afe3cd7b-f2e9-448b-add8-10e93d0b1dd7	POST	/api/auth/login	http://localhost:5000/
20232731	23:27:53	f53ca939-3dde-4144-97b5-bd76e82ab648	POST	/api/auth/logout	http://localhost:5000/
20231801	19:18:12	595a401a-87ce-473c-9c77-7563c25b7dc1	POST	/api/auth/login	http://localhost:5000/
20231801	19:18:47	6ad0ca0d-0607-4573-b88d-f89ec9e3b9e5	POST	/api/auth/logout	http://localhost:5000/
20231901	19:19:11	901ac298-4ad3-4058-9ccb-413dded8d661	POST	/api/auth/login	http://localhost:5000/
20232601	19:26:52	fbfe2746-abc6-4ff5-a1f8-5a1ac1e48af9	POST	/api/auth/logout	http://localhost:5000/
20232601	21:26:21	ca5aaaef-f25f-4c5b-b8d4-d7b39f6c07a0	POST	/api/auth/login	http://localhost:5000/
20232901	21:29:24	ff449b83-b602-4a62-94a3-763666e52829	POST	/api/auth/login	http://localhost:5000/
20234201	22:42:02	b4a2e72d-d9f4-4cd4-ae98-e0a1097e619f	POST	/api/auth/logout	http://localhost:5000/
20234201	22:42:14	72e71c61-79b2-435d-9398-5f3d3c98a821	POST	/api/auth/login	http://localhost:5000/
20234201	22:42:15	f883e2a2-16c3-4350-98a3-6d046ce3f22c	GET	/assets/profileImg/833435c2-8be1-492e-af02-0eb96dff4a70-croped_image.jpeg	undefined
20234201	22:42:30	231663b1-4035-4e5b-9047-77ba61eb20f2	GET	/assets/profileImg/833435c2-8be1-492e-af02-0eb96dff4a70-croped_image.jpeg	undefined
20234401	22:44:20	7e11da44-a537-4b2c-a4f4-6db38253ec63	GET	/assets/profileImg/833435c2-8be1-492e-af02-0eb96dff4a70-croped_image.jpeg	undefined
20234401	22:44:52	9d557f05-cf47-437c-b68a-0c460819bb1d	POST	/api/auth/logout	http://localhost:5000/
20234701	22:47:34	3d2ba72a-14a8-4f67-ad6d-238c97eb8ed4	POST	/api/auth/sign-up	http://localhost:5000/
20234701	22:47:43	44cbb607-42b2-4b08-b8e2-ecbaf3a7298a	POST	/api/auth/login	http://localhost:5000/
20235801	22:58:21	62cab680-a487-4a31-88a3-edf40ab839ea	POST	/api/auth/logout	http://localhost:5000/
20235801	22:58:35	6a12e400-da47-448d-9e83-855a2aecc090	POST	/api/auth/login	http://localhost:5000/
20235801	22:58:56	b286dbed-d63f-45c0-b4b6-d99af3e23169	POST	/api/auth/login	http://localhost:5000/
20230801	23:08:08	cea94699-a143-4c09-a3b6-68ba2a174476	POST	/api/auth/sign-up	http://localhost:5000/
20230801	23:08:18	9659aaf7-4287-4a52-8d53-24de91e28884	POST	/api/auth/login	http://localhost:5000/
20231001	23:10:53	9465f05e-d345-4f11-94ef-3d16d9ad8324	POST	/api/auth/logout	http://localhost:5000/
20231301	23:13:46	4bbc24f5-1962-416b-bce9-4e5d4b812f78	POST	/api/auth/logout	http://localhost:5000/
20232201	23:22:31	7cc56bce-53e1-4c22-9188-b6fc886d51ca	POST	/api/auth/login	http://localhost:5000/
20232301	23:23:46	43579c01-b180-4a57-b474-84c2bc7eb863	POST	/api/auth/logout	http://localhost:5000/
20232202	23:22:55	78aa91db-21f6-4ba5-aef0-1f73ff08ffbf	POST	/api/auth/sign-up	http://localhost:5000/
20232302	23:23:03	b2e7c191-5e80-4de7-8f77-9916ed48a39f	POST	/api/auth/login	http://localhost:5000/
20232502	23:25:02	818e9124-2a34-4845-9011-ea075d07e598	DELETE	/api/user/remove-profile/63dbf878f061360de651d410	undefined
20232602	23:26:08	1de6587e-848c-4752-9b1e-b5a126dc87fa	DELETE	/api/user/remove-profile/63dbf878f061360de651d410	undefined
20233502	23:35:21	1d7a0154-ed20-44d5-a055-da57808fa090	DELETE	/api/user/remove-profile/63dbf878f061360de651d410	undefined
20233802	23:38:46	7760a6ea-9707-446f-8575-328f1b409cec	DELETE	/api/user/remove-profile/63dbf878f061360de651d410	undefined
20233902	23:39:33	bfb674e9-7e4f-4159-a110-c2086728ef78	POST	/api/auth/logout	http://localhost:5000/
20233902	23:39:52	9cd9d6f9-9248-41e0-9700-5df2c7c3ff3e	POST	/api/auth/login	http://localhost:5000/
20233902	23:39:53	464d76ab-6d6d-4b32-aa35-5c4df910ffee	GET	/assets/profileImg/57cb4e30-fc7f-4d6e-8160-212ef64e45ed-satheesh.jpeg	undefined
20234102	23:41:12	2a62b4e4-b33a-49e2-a2b5-6a3e86b804f1	POST	/api/auth/logout	http://localhost:5000/
20234102	23:41:56	abde9349-1fe7-4c3f-b404-fb204d89c30f	POST	/api/auth/sign-up	http://localhost:5000/
20234202	23:42:09	b1807642-a9e7-49b8-bc91-0c3e07500a37	POST	/api/auth/login	http://localhost:5000/
20234202	23:42:37	e1f9e424-1d86-4741-88de-fb72ba434898	DELETE	/api/user/remove-profile/63dbfcec51c234b79bcc3719	undefined
20235302	23:53:12	796b66f6-18dd-4d99-b542-60085aa13ed0	GET	/assets/profileImg/84b2bf27-6089-4a91-be2f-8019562e24cd-satheesh.jpeg	undefined
20235302	23:53:33	41d0c2cf-335a-4ba5-ba9c-ebe389769e1e	GET	/assets/profileImg/84b2bf27-6089-4a91-be2f-8019562e24cd-satheesh.jpeg	undefined
20230303	00:03:11	bac3d910-b3d1-4d48-8000-5c3dd1603759	GET	/assets/profileImg/84b2bf27-6089-4a91-be2f-8019562e24cd-satheesh.jpeg	undefined
20230403	00:04:21	e5432cbc-b219-44f8-b516-160c69c25cb5	GET	/assets/profileImg/84b2bf27-6089-4a91-be2f-8019562e24cd-satheesh.jpeg	undefined
20231103	00:11:44	f6ca737d-9468-42c4-a4ea-e9ba84ab83e9	GET	/assets/profileImg/84b2bf27-6089-4a91-be2f-8019562e24cd-satheesh.jpeg	undefined
20231403	00:14:24	024d9184-3d11-4bda-8569-d35348393d1a	GET	/assets/profileImg/84b2bf27-6089-4a91-be2f-8019562e24cd-satheesh.jpeg	undefined
20231403	00:14:29	7a87a03f-b6e3-4350-b668-380da41dd793	GET	/assets/profileImg/84b2bf27-6089-4a91-be2f-8019562e24cd-satheesh.jpeg	undefined
20231703	00:17:16	9f2ab825-13ba-4a04-9d09-74eae6ed6c17	GET	/assets/profileImg/84b2bf27-6089-4a91-be2f-8019562e24cd-satheesh.jpeg	undefined
20231703	00:17:23	403ce755-a628-4f6e-83b5-13fc899741e2	GET	/assets/profileImg/84b2bf27-6089-4a91-be2f-8019562e24cd-satheesh.jpeg	undefined
20232803	00:28:53	8419d396-3858-464d-a47b-e50482a85352	GET	/assets/profileImg/84b2bf27-6089-4a91-be2f-8019562e24cd-satheesh.jpeg	undefined
20232903	00:29:31	a10ee07a-e043-48e1-b28e-8e57cc4bc61a	GET	/assets/profileImg/84b2bf27-6089-4a91-be2f-8019562e24cd-satheesh.jpeg	undefined
20233203	00:32:36	5a29ae9b-6ec6-4792-995f-d391a687f136	GET	/assets/profileImg/84b2bf27-6089-4a91-be2f-8019562e24cd-satheesh.jpeg	undefined
20233303	00:33:33	814b0fb8-f906-4800-81ef-058f49af62b1	DELETE	/api/user/remove-profile	http://localhost:5000/
20233503	00:35:57	0dd31b86-8c7b-454f-9088-0089734ba88b	GET	/assets/profileImg/84b2bf27-6089-4a91-be2f-8019562e24cd-satheesh.jpeg	undefined
20233603	00:36:07	3c7db856-5ced-43be-812b-b62e3918635e	DELETE	/api/user/remove-profile?63dbfcec51c234b79bcc3719=	http://localhost:5000/
20233703	00:37:10	e1f439a4-0ec6-4ad8-b85f-1e4208fa1eb4	POST	/api/auth/logout	http://localhost:5000/
20233803	00:38:01	413bd2dc-1c75-4977-9911-6dee35c6d9f6	POST	/api/auth/sign-up	http://localhost:5000/
20233803	00:38:11	d8fb41d4-a217-4ca7-a653-6a7dbf20c13c	POST	/api/auth/login	http://localhost:5000/
20233803	00:38:20	ac0488b3-0486-4f1c-9d3a-79fe73bc9f12	DELETE	/api/user/remove-profile?63dc0a1251c234b79bcc371f=	http://localhost:5000/
20234003	00:40:04	969fec1e-6740-4664-a897-f229a25204c4	DELETE	/api/user/remove-profile?63dc0a1251c234b79bcc371f=	http://localhost:5000/
20234003	00:40:05	c7e84e65-ee97-49d4-b403-896bdd21012f	DELETE	/api/user/remove-profile?63dc0a1251c234b79bcc371f=	http://localhost:5000/
20234603	00:46:31	9c9bacac-ef82-4f54-b6ac-ed15f6f17d07	DELETE	/api/user/remove-profile?63dc0a1251c234b79bcc371f=	http://localhost:5000/
20234703	00:47:23	249dce8b-4fbc-495f-9057-469ef5843487	DELETE	/api/user/remove-profile?63dc0a1251c234b79bcc371f=	http://localhost:5000/
20235303	00:53:46	13e83a0d-e83b-47bc-b66a-595cd58114b3	DELETE	/api/user/remove-profile?63dc0a1251c234b79bcc371f=	http://localhost:5000/
20235403	00:54:32	5bfdd8c2-c30c-4a56-b81c-3693f161f756	DELETE	/api/user/remove-profile?63dc0a1251c234b79bcc371f=	http://localhost:5000/
20235503	00:55:54	0906d8fa-6ed7-4861-bb93-a658d05f794d	DELETE	/api/user/remove-profile/63dc0a1251c234b79bcc371f	undefined
20235603	00:56:09	1d9f4bb8-cc5f-418b-8c20-8af7ade32f46	GET	/assets/profileImg/36c5d722-9a61-42e6-b63a-09c6825e9d56-satheesh.jpeg	undefined
20235603	00:56:13	46e60b1b-2f9f-49de-8d1c-fc992353d7cf	GET	/assets/profileImg/36c5d722-9a61-42e6-b63a-09c6825e9d56-satheesh.jpeg	undefined
20235603	00:56:21	a177d70b-e54f-4275-aafd-73ac0f7fbb79	DELETE	/api/user/remove-profile?63dc0a1251c234b79bcc371f=	http://localhost:5000/
20235703	00:57:10	00fb3593-eff2-497b-951a-373332c99309	DELETE	/api/user/remove-profile?63dc0a1251c234b79bcc371f=	http://localhost:5000/
20230203	01:02:06	8f9a8696-223d-4b47-828a-85e897ceb6f7	GET	/assets/profileImg/36c5d722-9a61-42e6-b63a-09c6825e9d56-satheesh.jpeg	undefined
20230203	01:02:23	469f8cfb-776e-4138-ba4c-637652b7f647	DELETE	/api/user/remove-profile?63dc0a1251c234b79bcc371f=	http://localhost:5000/
20230603	01:06:43	d5aa60bb-e0ae-4041-b49e-454243a8eff1	GET	/api/user/remove-profile?63dc0a1251c234b79bcc371f=	undefined
20230603	01:06:43	ee95c577-017e-480a-a3ce-a2ac14201b31	GET	/favicon.ico	undefined
20231303	01:13:21	f613bdc1-ff6a-41c8-9203-9dc49b9ed4bd	OPTIONS	/api/user/remove-profile?63dc0a1251c234b79bcc371f=	http://localhost:3000
20230303	15:03:51	e03c0a3d-4043-4dd1-a7a6-252f28e1d2f1	POST	/api/auth/login	http://localhost:5000/
20230303	15:03:53	9d8d42b5-15cd-4bc6-9a82-d9a4d286b660	GET	/assets/profileImg/5c0b3107-600c-47e2-9c92-7e6d8fabb7d9-satheesh.jpeg	undefined
20230403	15:04:25	e325931a-86be-4b75-83e2-a2295e9c21d3	GET	/assets/profileImg/5c0b3107-600c-47e2-9c92-7e6d8fabb7d9-satheesh.jpeg	undefined
20230403	15:04:33	2d5bef65-29fc-4929-836c-38870a8458de	DELETE	/api/user/remove-profile?63daa380a33703091b7ba69b=	http://localhost:5000/
20234103	15:41:02	dfb470d2-d475-4120-b159-f58d971cf7ad	GET	/assets/profileImg/5c0b3107-600c-47e2-9c92-7e6d8fabb7d9-satheesh.jpeg	undefined
20234103	15:41:30	732936ea-1ad3-4fb6-99c0-c3d95d0e7073	GET	/assets/profileImg/5c0b3107-600c-47e2-9c92-7e6d8fabb7d9-satheesh.jpeg	undefined
20234303	15:43:12	796fc751-4897-4a8a-9186-1f4486c2eaef	GET	/assets/profileImg/5c0b3107-600c-47e2-9c92-7e6d8fabb7d9-satheesh.jpeg	undefined
20234303	15:43:53	fdcbcac5-c3d8-45e2-bf90-0817d30127e1	GET	/assets/profileImg/5c0b3107-600c-47e2-9c92-7e6d8fabb7d9-satheesh.jpeg	undefined
20234403	15:44:01	19b9f03a-265b-42fe-86b2-63deb7d02462	GET	/api/user	undefined
20234803	15:48:12	b7393900-bb03-437e-acda-ff53f4b39549	GET	/api/user	undefined
20235103	15:51:28	4e6ada2a-191c-49de-82e0-ab17b68058ce	GET	/api/user	undefined
20235103	15:51:32	01110ff3-e9c4-4a35-aa56-1956683f42ea	GET	/api/user	undefined
20235103	15:51:49	d782d9de-3a74-427a-a068-5988dfd06038	GET	/api/user	undefined
20235203	15:52:59	a5ef2ce3-ee98-4138-8784-ae64075e85aa	GET	/api/user	undefined
20235303	15:53:02	9ce6219e-dc11-4d75-9c47-39434ad1b513	GET	/api/user	undefined
20235303	15:53:32	cdaca958-0e05-4990-99a2-66db853e07a2	GET	/api/user	undefined
20235303	15:53:33	e9a3e9b8-4fdd-4c74-a33d-0a0f74c9b24d	GET	/api/user	undefined
20235303	15:53:35	756419a9-0cf1-4b44-8085-2b3a73391e94	GET	/api/user	undefined
20235603	15:56:39	7d5055db-d357-4632-bb66-7053b920d70f	GET	/api/user	undefined
20231103	16:11:03	ccf6179e-3a07-42d5-80ac-37ec0fa02617	GET	/api/user?_id=63daa380a33703091b7ba69b	undefined
20231103	16:11:39	3874c7bd-4759-40c7-83a8-36eaf38d9afa	GET	/api/user?63daa380a33703091b7ba69b=	undefined
20232303	16:23:39	df0924db-e650-4094-acb9-41d548ad4117	GET	/api/user?63daa380a33703091b7ba69b=	undefined
20232903	16:29:49	ddfec16c-716a-42a0-aa45-2aa9cbe75366	GET	/api/user?63daa380a33703091b7ba69b=	undefined
20233503	16:35:53	475298fa-d5fe-403a-b568-404ea3761da5	GET	/api/user/63daa380a33703091b7ba69b	undefined
20233603	16:36:46	9b60a30a-6c6f-4d4b-9709-e9fe7232ff0c	GET	/api/user?63daa380a33703091b7ba69b	undefined
20231303	18:13:20	37b45d38-9162-4d26-9aaa-1644fa88d5be	GET	/assets/profileImg/5c0b3107-600c-47e2-9c92-7e6d8fabb7d9-satheesh.jpeg	undefined
20231303	18:13:25	0a95bf20-57a5-40a2-bed7-d52c7ec407d8	GET	/assets/profileImg/5c0b3107-600c-47e2-9c92-7e6d8fabb7d9-satheesh.jpeg	undefined
20231303	18:13:30	3e17c5ad-54e1-4fa0-af25-5feb18f52d9f	GET	/api/user/63daa380a33703091b7ba69b	undefined
20231703	18:17:36	14ad5279-be4d-4fe9-a422-152cfaac89d3	GET	/assets/profileImg/5c0b3107-600c-47e2-9c92-7e6d8fabb7d9-satheesh.jpeg	undefined
20231703	18:17:49	ee64eb3c-b7fb-4b25-b20b-2ae9b4d38a30	GET	/api/user?id=63daa380a33703091b7ba69b	undefined
20232103	18:21:07	4794c5a1-a497-445a-b69b-7ad9a638dcaa	GET	/api/user?id=63daa380a33703091b7ba69b	undefined
20232203	18:22:51	18ad93f5-3849-4a2c-9ab7-ef4fed71572e	GET	/assets/profileImg/5c0b3107-600c-47e2-9c92-7e6d8fabb7d9-satheesh.jpeg	undefined
20232203	18:22:56	234f1349-8a70-4d05-a86d-10e6df07849f	GET	/api/user?id=63daa380a33703091b7ba69b	undefined
20232403	18:24:36	a2f44a67-4d0b-4ed3-83e6-8edd75b192af	POST	/api/auth/logout	http://localhost:5000/
20233003	18:30:34	b646b8c3-7505-4789-aa96-4f25cc247177	POST	/api/auth/login	http://localhost:5000/
20233003	18:30:34	d6b6fe3d-8075-47cc-83d9-50328dfa04bb	GET	/assets/profileImg/25ca6777-824d-4d21-9a37-1d9f41646c52-img_7599-01.jpeg	undefined
20233003	18:30:44	97625cf6-c7de-4cf4-b6c5-64162eeb3815	GET	/api/user?id=63db1d8f9d29c46c914c4e4e	undefined
20233403	18:34:29	2246e56f-2112-4efc-a1f6-fda54224eefc	GET	/assets/profileImg/25ca6777-824d-4d21-9a37-1d9f41646c52-img_7599-01.jpeg	undefined
20233403	18:34:45	f8acc312-3ae5-4bcd-887c-65e44f5e98bb	DELETE	/api/user/remove-profile/63db1d8f9d29c46c914c4e4e	http://localhost:5000/
20233503	18:35:39	ce4c2af3-b49f-4c32-b4c2-c50544242fe7	POST	/api/auth/logout	http://localhost:5000/
20233703	18:37:18	18bdf77c-f0c1-4dc0-a499-e6b0177d89bc	POST	/api/auth/sign-up	http://localhost:5000/
20233703	18:37:29	4f7559c2-9724-463f-823b-b177430f7891	POST	/api/auth/login	http://localhost:5000/
20233703	18:37:31	d2d3e121-67fb-4384-b942-76405cb4fbcb	GET	/assets/profileImg/16ad9e87-ca55-46ee-828e-2827944ec53d-20220611_202945.jpg	undefined
20233803	18:38:30	c70f6806-4fc9-411f-9276-ea9ee1df78ba	POST	/api/auth/logout	http://localhost:5000/
20233903	18:39:31	3982125f-aaab-4403-a2e5-8244a092f05f	POST	/api/auth/sign-up	http://localhost:5000/
20233903	18:39:42	0d4d2b3c-d45b-4c85-8801-ebab17baf282	POST	/api/auth/login	http://localhost:5000/
20233903	18:39:48	988b506d-6633-4f76-89fa-b5193a64f196	DELETE	/api/user/remove-profile/63dd078b48c09d49270dbb03	http://localhost:5000/
20234003	18:40:23	90bbf857-dfc5-4ee3-8c34-fa4dc69e1444	POST	/api/auth/logout	http://localhost:5000/
20234003	18:40:33	cce18a0e-fc63-401b-bcae-759c8adae88d	POST	/api/auth/login	http://localhost:5000/
20233003	19:30:28	7d04a80d-7c2a-4a04-a7c3-ea0be4039266	POST	/api/auth/logout	http://localhost:5000/
20232203	21:22:33	70d7f2d0-54c7-411c-b1c0-8206b5eee6bb	POST	/api/auth/sign-up	http://localhost:5000/
20232403	21:24:05	c78e3806-0f21-447b-8c6c-582eaf8420e5	POST	/api/auth/login	http://localhost:5000/
20233203	21:32:37	a56db438-8058-46da-8e50-b9fcad8bb318	POST	/api/auth/logout	http://localhost:5000/
20234403	21:44:42	83d28c49-fc93-43d4-8626-b8ea6f50acf8	POST	/api/auth/login	http://localhost:5000/
20234703	21:47:55	e14ab6ea-aa99-4d43-9c0d-88810421198e	POST	/api/auth/login	http://localhost:5000/
20235403	21:54:12	47d07b80-f731-457f-a1a5-2c259e204e93	POST	/api/auth/sign-up	http://localhost:5000/
20235703	21:57:15	29f6da34-5a96-4848-82d1-b568eabdfa6f	POST	/api/auth/sign-up	http://localhost:5000/
20235803	21:58:10	40d1bb82-573f-4de5-8f6e-bba760636fc9	POST	/api/auth/sign-up	http://localhost:5000/
20235803	21:58:11	0acbf1d3-79c4-48b9-bf7a-ae162336ca66	POST	/api/auth/sign-up	http://localhost:5000/
20235803	21:58:13	cce41f1c-0600-4d5e-b47e-c7e254e12621	POST	/api/auth/sign-up	http://localhost:5000/
20235803	21:58:14	14976601-8a7b-4dc7-b5aa-ba820d100377	POST	/api/auth/sign-up	http://localhost:5000/
20235803	21:58:15	54c8321b-e46e-406f-ac9e-d30fac110cc0	POST	/api/auth/sign-up	http://localhost:5000/
20230103	22:01:05	11f99d0d-4f5a-4d51-a45e-66f9f729438c	POST	/api/auth/sign-up	http://localhost:5000/
20230103	22:01:11	fb5091cb-4137-4a3f-a998-68685c52c637	POST	/api/auth/sign-up	http://localhost:5000/
20230103	22:01:13	b0f37f9b-d970-4ce9-bd50-7b15f477afb6	POST	/api/auth/sign-up	http://localhost:5000/
20230103	22:01:15	baedb33c-fb63-47dc-96c8-15fe87aeb2a6	POST	/api/auth/sign-up	http://localhost:5000/
20230403	22:04:35	4db2d9d2-4c97-4fa0-88ac-24011fcc134a	POST	/api/auth/login	http://localhost:5000/
20230403	22:04:46	0c88ac06-497c-490b-a89c-084259687888	POST	/api/auth/login	http://localhost:5000/
20230403	22:04:49	0810efa8-0666-4b7b-a778-d7130c546f71	POST	/api/auth/login	http://localhost:5000/
20230403	22:04:53	c81833ef-76b8-419a-b282-3b004e2ece93	POST	/api/auth/login	http://localhost:5000/
20230403	22:04:57	7909b4c9-c4a7-4bbf-9c46-5a9693ab0afc	POST	/api/auth/login	http://localhost:5000/
20230503	22:05:25	ac23169e-9777-4c2c-a41b-04be2e228c80	POST	/api/auth/login	http://localhost:5000/
20230603	22:06:56	0c668cd0-cd86-4206-b093-83bd8d026fd1	DELETE	/api/user/remove-profile/63dc0a1251c234b79bcc371f	http://localhost:5000/
20230703	22:07:32	dd32356d-853d-4750-ab59-c5ce3415eadd	DELETE	/api/user/remove-profile/63dc0a1251c234b79bcc371f	http://localhost:5000/
20230703	22:07:40	bc99677c-5000-4454-a64f-a694847045b8	POST	/api/auth/logout	http://localhost:5000/
20231103	22:11:03	b89b2e4d-82f6-4678-ab85-0d986747ed2e	POST	/api/auth/login	http://localhost:5000/
20231103	22:11:08	de63ac56-9220-47d5-9cca-48344868f5d1	DELETE	/api/user/remove-profile/63dc0a1251c234b79bcc371f	http://localhost:5000/
20231303	22:13:25	3d6bab2a-015c-4c4d-90ed-dbc517f9e8a6	DELETE	/api/user/remove-profile/63dc0a1251c234b79bcc371f	http://localhost:5000/
20234003	23:40:25	f4c9879c-86cd-404a-b4a2-c677b0b37e3c	DELETE	/api/user/remove-profile/63dc0a1251c234b79bcc371f	http://localhost:5000/
20231104	00:11:41	91c7cc50-c010-4bff-add4-f3a47b2636e4	DELETE	/api/user/remove-profile/63dc0a1251c234b79bcc371f	http://localhost:5000/
20231904	00:19:54	6bb62797-3c13-4455-b78c-aa634a0084eb	POST	/api/auth/sign-up	http://localhost:5000/
20232104	00:21:22	3ccdb4cd-4035-492f-add0-a63b204a80e3	POST	/api/auth/login	http://localhost:5000/
20232104	00:21:35	bf3be05c-86df-44f4-85bc-75fa4e45b689	DELETE	/api/user/remove-profile/63dd5752985919d45ed8425e	http://localhost:5000/
20234104	00:41:32	b38fc0b6-7169-43a1-84a8-77a9c4ac2aad	POST	/api/auth/login	http://localhost:5000/
20234104	00:41:42	cde3a516-8b5d-42cc-86f8-c8f63ba30ad3	POST	/api/auth/logout	http://localhost:5000/
20234204	00:42:34	3270963a-e84a-4740-8989-6a6cdd843ce2	POST	/api/auth/sign-up	http://localhost:5000/
20234204	00:42:53	2936bef2-189e-4b34-b08c-ab47c4e7d1cc	POST	/api/auth/login	http://localhost:5000/
20234304	00:43:02	4daa3bb4-dcf7-49f3-8929-4076739b3c92	DELETE	/api/user/remove-profile/63dd5ca30f186a66aab1fc99	http://localhost:5000/
20235004	00:50:23	af79ef28-289a-4a81-9ffc-118b0d9ece2f	DELETE	/api/user/remove-profile/63dd5ca30f186a66aab1fc99	http://localhost:5000/
20235204	00:52:21	61e83137-aaa2-4e76-9284-b5dd7bf60171	GET	/assets/profileImg/2ced929b-a524-41f3-8451-93fa2610c85d-sathees.jpg	undefined
20235204	00:52:32	122cf74f-4420-4a43-8716-86611f9985e9	POST	/api/auth/logout	http://localhost:5000/
20235304	00:53:19	dd822dfa-a87b-40d5-9fb6-0d8fb8ccf1ef	POST	/api/auth/sign-up	http://localhost:5000/
20235304	00:53:32	93d3daa2-e5c5-40b7-ad25-6f25c12ff902	POST	/api/auth/login	http://localhost:5000/
20235304	00:53:41	e834f620-b979-4a25-8d23-d4fa10147d21	DELETE	/api/user/remove-profile/63dd5f277fee07b235ad5bb2	http://localhost:5000/
20235604	00:56:29	407f9e7d-fc55-47be-99f8-65d4341a139c	GET	/assets/profileImg/8a76a77c-2572-46db-8fd7-5e1619922760-satheesh.jpeg	undefined
20235604	00:56:34	5047e224-b495-449b-b60e-a3a6c4cb3341	POST	/api/auth/logout	http://localhost:5000/
20235704	00:57:02	34d6f234-3332-4476-a063-47aca6b45bb0	POST	/api/auth/sign-up	http://localhost:5000/
20235704	00:57:18	733ac598-3304-4f86-87b5-965a00fec3da	POST	/api/auth/login	http://localhost:5000/
20235704	00:57:24	956430f5-d54a-4b70-9b5c-c2b88c350722	DELETE	/api/user/remove-profile/63dd60067fee07b235ad5bb8	http://localhost:5000/
20230204	01:02:08	8ac80638-9084-46db-9dc3-ede2424d4d48	GET	/assets/profileImg/ef1c965e-e613-40db-9ecd-3fd48d05f756-satheesh.jpeg	undefined
20230304	01:03:02	479e5d17-8efe-49e9-a4aa-0002c6dc3d1c	GET	/assets/profileImg/ef1c965e-e613-40db-9ecd-3fd48d05f756-satheesh.jpeg	undefined
20230304	01:03:30	bbab197b-d73b-487e-937f-ac89f1e794b9	POST	/api/auth/logout	http://localhost:5000/
20230404	01:04:13	95bb0dc2-d05d-42f7-814a-94f69e6bfd6c	POST	/api/auth/sign-up	http://localhost:5000/
20230404	01:04:23	b12136ed-d358-4394-a353-2739274ad90e	POST	/api/auth/login	http://localhost:5000/
20230404	01:04:31	3600c4aa-e45a-4120-ac62-64a4f6b9b8da	DELETE	/api/user/remove-profile/63dd61b57fee07b235ad5bbe	http://localhost:5000/
20230604	01:06:45	c613ed85-0ec1-4a2c-996b-4d27af418e70	GET	/assets/profileImg/41411155-1285-4eb6-9f49-4e9be0f8a4dc-63a15854ef9194354808c017.png	undefined
20230704	01:07:28	ab0076f7-438b-47c7-81c6-3df51660f4e2	POST	/api/auth/logout	http://localhost:5000/
20230904	01:09:37	91fd1d04-71bc-4e87-8406-e1e9d54a9ef0	POST	/api/auth/sign-up	http://localhost:5000/
20230904	01:09:44	d3481e78-d8a8-40a1-9b0b-3e19667f2f36	POST	/api/auth/login	http://localhost:5000/
20231104	01:11:26	5e0ffa13-b0dc-4351-a057-a1343ffc6d62	DELETE	/api/user/remove-profile/63dd62f97fee07b235ad5bc4	http://localhost:5000/
